<?xml version="1.0" encoding="UTF-8"?>
<testsuite name="DataCruncherTest" tests="12" skipped="0" failures="0" errors="0" timestamp="2020-07-30T12:32:01" hostname="MacBook-Air.lan" time="40.525">
  <properties/>
  <testcase name="getCustomerIdsWithNumberOfFraudulentTransactions" classname="DataCruncherTest" time="3.514"/>
  <testcase name="getAllTransactionSortedByAmount" classname="DataCruncherTest" time="3.706"/>
  <testcase name="getTotalNumberOfFraudulentTransactions" classname="DataCruncherTest" time="2.569"/>
  <testcase name="getCustomerIdToNumberOfTransactions" classname="DataCruncherTest" time="2.293"/>
  <testcase name="getFraudulentTransactionsForMerchantId" classname="DataCruncherTest" time="2.76"/>
  <testcase name="readAllTransactions" classname="DataCruncherTest" time="2.512"/>
  <testcase name="getMerchantIdToTotalAmountOfFraudulentTransactions" classname="DataCruncherTest" time="2.647"/>
  <testcase name="getTransactionForMerchantId" classname="DataCruncherTest" time="5.044"/>
  <testcase name="getUniqueMerchantIds" classname="DataCruncherTest" time="2.991"/>
  <testcase name="getTotalNumberOfTransactions" classname="DataCruncherTest" time="6.336"/>
  <testcase name="getFraudPercentageForMen" classname="DataCruncherTest" time="3.269"/>
  <testcase name="readAllTransactionsAge0" classname="DataCruncherTest" time="2.881"/>
  <system-out><![CDATA[]]></system-out>
  <system-err><![CDATA[]]></system-err>
</testsuite>
